0 info it worked if it ends with ok
1 verbose cli [ 'C:\\Program Files (x86)\\nodejs\\\\node.exe',
1 verbose cli   'C:\\Program Files (x86)\\nodejs\\node_modules\\npm\\bin\\npm-cli.js',
1 verbose cli   'install',
1 verbose cli   '-g',
1 verbose cli   'n' ]
2 info using npm@2.7.4
3 info using node@v0.12.2
4 verbose node symlink C:\Program Files (x86)\nodejs\\node.exe
5 silly cache add args [ 'n', null ]
6 verbose cache add spec n
7 silly cache add parsed spec { raw: 'n',
7 silly cache add   scope: null,
7 silly cache add   name: 'n',
7 silly cache add   rawSpec: '',
7 silly cache add   spec: '*',
7 silly cache add   type: 'range' }
8 verbose addNamed n@*
9 silly addNamed semver.valid null
10 silly addNamed semver.validRange *
11 silly addNameRange { name: 'n', range: '*', hasData: false }
12 silly mapToRegistry name n
13 silly mapToRegistry using default registry
14 silly mapToRegistry registry https://registry.npmjs.org/
15 silly mapToRegistry uri https://registry.npmjs.org/n
16 verbose addNameRange registry:https://registry.npmjs.org/n not in flight; fetching
17 verbose request uri https://registry.npmjs.org/n
18 verbose request no auth needed
19 info attempt registry request try #1 at 6:18:44 PM
20 verbose request id 91378ec61fb041c6
21 http request GET https://registry.npmjs.org/n
22 http 200 https://registry.npmjs.org/n
23 silly get cb [ 200,
23 silly get   { date: 'Sat, 16 Jun 2018 23:18:46 GMT',
23 silly get     'content-type': 'application/json; charset=UTF-8',
23 silly get     'transfer-encoding': 'chunked',
23 silly get     connection: 'keep-alive',
23 silly get     'set-cookie': [ '__cfduid=ddaec8f7e82d83d2675301ba6ab97fcb21529191126; expires=Sun, 16-Jun-19 23:18:46 GMT; path=/; domain=.registry.npmjs.org; HttpOnly' ],
23 silly get     'cache-control': 'max-age=300',
23 silly get     'cf-cache-status': 'HIT',
23 silly get     'cf-ray': '42c0ff5e2d9458a9-DFW',
23 silly get     etag: 'W/"a32b2b3f2025635b37d588f9f3078ae1"',
23 silly get     'expect-ct': 'max-age=604800, report-uri="https://report-uri.cloudflare.com/cdn-cgi/beacon/expect-ct"',
23 silly get     'last-modified': 'Mon, 11 Jun 2018 18:07:59 GMT',
23 silly get     vary: 'accept-encoding, accept',
23 silly get     server: 'cloudflare',
23 silly get     'content-encoding': 'gzip' } ]
24 verbose get saving n to C:\Users\syadali\AppData\Roaming\npm-cache\registry.npmjs.org\n\.cache.json
25 silly addNameRange number 2 { name: 'n', range: '*', hasData: true }
26 silly addNameRange versions [ 'n',
26 silly addNameRange   [ '0.0.1',
26 silly addNameRange     '0.0.2',
26 silly addNameRange     '0.0.3',
26 silly addNameRange     '0.0.4',
26 silly addNameRange     '0.1.0',
26 silly addNameRange     '0.1.1',
26 silly addNameRange     '0.1.2',
26 silly addNameRange     '0.2.0',
26 silly addNameRange     '0.2.1',
26 silly addNameRange     '0.2.2',
26 silly addNameRange     '0.3.0',
26 silly addNameRange     '0.4.0',
26 silly addNameRange     '0.4.1',
26 silly addNameRange     '0.4.2',
26 silly addNameRange     '0.5.0',
26 silly addNameRange     '0.5.1',
26 silly addNameRange     '0.5.2',
26 silly addNameRange     '0.5.3',
26 silly addNameRange     '0.5.4',
26 silly addNameRange     '0.6.0',
26 silly addNameRange     '0.6.1',
26 silly addNameRange     '0.7.0',
26 silly addNameRange     '0.7.1',
26 silly addNameRange     '0.7.2',
26 silly addNameRange     '0.7.3',
26 silly addNameRange     '0.8.0',
26 silly addNameRange     '0.8.1',
26 silly addNameRange     '0.8.2',
26 silly addNameRange     '0.9.0',
26 silly addNameRange     '0.9.1',
26 silly addNameRange     '0.9.2',
26 silly addNameRange     '0.9.3',
26 silly addNameRange     '1.0.0',
26 silly addNameRange     '1.1.0',
26 silly addNameRange     '1.2.1',
26 silly addNameRange     '1.2.2',
26 silly addNameRange     '1.2.3',
26 silly addNameRange     '1.2.4',
26 silly addNameRange     '1.2.5',
26 silly addNameRange     '1.2.6',
26 silly addNameRange     '1.2.7',
26 silly addNameRange     '1.2.8',
26 silly addNameRange     '1.2.9',
26 silly addNameRange     '1.2.11',
26 silly addNameRange     '1.2.13',
26 silly addNameRange     '1.2.14',
26 silly addNameRange     '1.3.0',
26 silly addNameRange     '1.4.0',
26 silly addNameRange     '2.0.0',
26 silly addNameRange     '1.4.1',
26 silly addNameRange     '2.0.1',
26 silly addNameRange     '1.4.2',
26 silly addNameRange     '2.0.2',
26 silly addNameRange     '2.1.0',
26 silly addNameRange     '2.1.1',
26 silly addNameRange     '2.1.2',
26 silly addNameRange     '2.1.3',
26 silly addNameRange     '2.1.4',
26 silly addNameRange     '2.1.5',
26 silly addNameRange     '2.1.6',
26 silly addNameRange     '2.1.7',
26 silly addNameRange     '2.1.8',
26 silly addNameRange     '2.1.9',
26 silly addNameRange     '2.1.10',
26 silly addNameRange     '2.1.11',
26 silly addNameRange     '2.1.12' ] ]
27 verbose addNamed n@2.1.12
28 silly addNamed semver.valid 2.1.12
29 silly addNamed semver.validRange 2.1.12
30 silly mapToRegistry name n
31 silly mapToRegistry using default registry
32 silly mapToRegistry registry https://registry.npmjs.org/
33 silly mapToRegistry uri https://registry.npmjs.org/n
34 verbose addRemoteTarball https://registry.npmjs.org/n/-/n-2.1.12.tgz not in flight; adding
35 verbose addRemoteTarball [ 'https://registry.npmjs.org/n/-/n-2.1.12.tgz',
35 verbose addRemoteTarball   '7bca5e103bfe3632d4c1a70dfaf9ecf774c18aed' ]
36 info retry fetch attempt 1 at 6:18:44 PM
37 info attempt registry request try #1 at 6:18:44 PM
38 http fetch GET https://registry.npmjs.org/n/-/n-2.1.12.tgz
39 http fetch 200 https://registry.npmjs.org/n/-/n-2.1.12.tgz
40 silly fetchAndShaCheck shasum 7bca5e103bfe3632d4c1a70dfaf9ecf774c18aed
41 verbose addTmpTarball C:\Users\syadali\AppData\Local\Temp\npm-3128-dce3ffb3\registry.npmjs.org\n\-\n-2.1.12.tgz not in flight; adding
42 verbose addTmpTarball already have metadata; skipping unpack for n@2.1.12
43 silly cache afterAdd n@2.1.12
44 verbose afterAdd C:\Users\syadali\AppData\Roaming\npm-cache\n\2.1.12\package\package.json not in flight; writing
45 verbose afterAdd C:\Users\syadali\AppData\Roaming\npm-cache\n\2.1.12\package\package.json written
46 silly install resolved [ { name: 'n',
46 silly install resolved     description: 'Interactively Manage All Your Node Versions',
46 silly install resolved     version: '2.1.12',
46 silly install resolved     author: { name: 'TJ Holowaychuk', email: 'tj@vision-media.ca' },
46 silly install resolved     homepage: 'https://github.com/tj/n',
46 silly install resolved     bugs: { url: 'https://github.com/tj/n/issues' },
46 silly install resolved     contributors: [ [Object], [Object], [Object] ],
46 silly install resolved     keywords:
46 silly install resolved      [ 'nvm',
46 silly install resolved        'node',
46 silly install resolved        'version',
46 silly install resolved        'manager',
46 silly install resolved        'switcher',
46 silly install resolved        'node',
46 silly install resolved        'binary',
46 silly install resolved        'env' ],
46 silly install resolved     bin: { n: './bin/n' },
46 silly install resolved     repository: { type: 'git', url: 'git://github.com/tj/n.git' },
46 silly install resolved     preferGlobal: true,
46 silly install resolved     os: [ '!win32' ],
46 silly install resolved     engines: { node: '*' },
46 silly install resolved     license: 'MIT',
46 silly install resolved     gitHead: '8ad6cd3bc76fc674f7faf3d8cf2f4d6e7d1849c3',
46 silly install resolved     _id: 'n@2.1.12',
46 silly install resolved     _npmVersion: '6.0.1',
46 silly install resolved     _nodeVersion: '8.11.2',
46 silly install resolved     _npmUser: { name: 'troy0820', email: 'troy0820@gmail.com' },
46 silly install resolved     dist:
46 silly install resolved      { integrity: 'sha512-LbdmVo3utWB0njvNAsEHZxMesZmUBOH54VOzGpywqi03huCmi0bsSyigKCLrBxlnvlcz4Nahwt342f6w9YU3Cg==',
46 silly install resolved        shasum: '7bca5e103bfe3632d4c1a70dfaf9ecf774c18aed',
46 silly install resolved        tarball: 'https://registry.npmjs.org/n/-/n-2.1.12.tgz',
46 silly install resolved        fileCount: 7,
46 silly install resolved        unpackedSize: 30247,
46 silly install resolved        'npm-signature': '-----BEGIN PGP SIGNATURE-----\r\nVersion: OpenPGP.js v3.0.4\r\nComment: https://openpgpjs.org\r\n\r\nwsFcBAEBCAAQBQJbHrp7CRA9TVsSAnZWagAAB1sP/3rWkLGMALGKzwjTPOKg\nVTqCSUL3Az1ihVlgplTvMLauz3xNo7eu6NfDDWotQGm2S/CYT4s5cC++xK/r\nF92PvMFIdnI+YSHZTdLvZpryOvyhHMh5NYM3ARhIt3YIC7nOkTVFVa1XkuUI\n0sp+vmIZrUZvzIEihVwHVxb5INxZVMh8NB6WZxVstRNmOl0/SgnSK2NLM1qy\nr7pgMjJWICF42ltXwVlRKaqCKeRpNJAvSMxBHaDFbKgmoXd37d7BsDc/qv0+\nQJZ2oHyKInimnUxKfY6pw702SyoQKsZvWflkTlVxjEMOjjRpXRKERFiWrRTH\nxEuQ7Jz7SsMRERJetsTpKPnS+OTyxioXtJmod4+Qy2AV6LS7q+h5NxLEzli8\nLdlbJP0MTJECJryeAl0OJbInoybp3MBmyAZ045TUbqwS/nzQtxNuEAJXHiqK\nYDtoFQjASiAAkjavrdb9yXiuyPPDK4HTvhlD3vTnr29dpxTUSAauvZ+a8E/Z\n+iNRw2NrZuor97NJ9Eltt80GWYgsCNACQGcfYk+7BS7YsAmco/KCSYH7TjVT\nnX7r1FjkHCmLnkkveJvsyEY3E8xTc4/e7YCkJIdXBTNZUgMDUWFqzB8lIA5y\noMIfkxiTchZpY8m6jSmPta/UZU4LyixYnmYslLSNPhj7KSidOtP3peKowy9D\nAW+0\r\n=Tct9\r\n-----END PGP SIGNATURE-----\r\n' },
46 silly install resolved     maintainers: [ [Object], [Object], [Object], [Object], [Object], [Object] ],
46 silly install resolved     directories: {},
46 silly install resolved     _npmOperationalInternal:
46 silly install resolved      { host: 's3://npm-registry-packages',
46 silly install resolved        tmp: 'tmp/n_2.1.12_1528740474170_0.4363494946487372' },
46 silly install resolved     _shasum: '7bca5e103bfe3632d4c1a70dfaf9ecf774c18aed',
46 silly install resolved     _resolved: 'https://registry.npmjs.org/n/-/n-2.1.12.tgz',
46 silly install resolved     _from: 'n@*' } ]
47 info install n@2.1.12 into C:\Users\syadali\AppData\Roaming\npm
48 info installOne n@2.1.12
49 verbose installOne of n to C:\Users\syadali\AppData\Roaming\npm not in flight; installing
50 verbose lock using C:\Users\syadali\AppData\Roaming\npm-cache\_locks\n-09de142384ed1e26.lock for C:\Users\syadali\AppData\Roaming\npm\node_modules\n
51 verbose unlock done using C:\Users\syadali\AppData\Roaming\npm-cache\_locks\n-09de142384ed1e26.lock for C:\Users\syadali\AppData\Roaming\npm\node_modules\n
52 verbose stack Error: Unsupported
52 verbose stack     at checkPlatform (C:\Program Files (x86)\nodejs\node_modules\npm\node_modules\npm-install-checks\index.js:47:14)
52 verbose stack     at Array.<anonymous> (C:\Program Files (x86)\nodejs\node_modules\npm\node_modules\slide\lib\bind-actor.js:15:8)
52 verbose stack     at LOOP (C:\Program Files (x86)\nodejs\node_modules\npm\node_modules\slide\lib\chain.js:15:14)
52 verbose stack     at C:\Program Files (x86)\nodejs\node_modules\npm\node_modules\slide\lib\chain.js:18:7
52 verbose stack     at checkEngine (C:\Program Files (x86)\nodejs\node_modules\npm\node_modules\npm-install-checks\index.js:26:10)
52 verbose stack     at Array.<anonymous> (C:\Program Files (x86)\nodejs\node_modules\npm\node_modules\slide\lib\bind-actor.js:15:8)
52 verbose stack     at LOOP (C:\Program Files (x86)\nodejs\node_modules\npm\node_modules\slide\lib\chain.js:15:14)
52 verbose stack     at chain (C:\Program Files (x86)\nodejs\node_modules\npm\node_modules\slide\lib\chain.js:20:5)
52 verbose stack     at C:\Program Files (x86)\nodejs\node_modules\npm\lib\install.js:1024:5
52 verbose stack     at C:\Program Files (x86)\nodejs\node_modules\npm\lib\utils\locker.js:40:9
53 verbose pkgid n@2.1.12
54 verbose cwd C:\LocalDevelopment\Elm\ApplogViewer
55 error Windows_NT 6.3.9600
56 error argv "C:\\Program Files (x86)\\nodejs\\\\node.exe" "C:\\Program Files (x86)\\nodejs\\node_modules\\npm\\bin\\npm-cli.js" "install" "-g" "n"
57 error node v0.12.2
58 error npm  v2.7.4
59 error code EBADPLATFORM
60 error notsup Unsupported
60 error notsup Not compatible with your operating system or architecture: n@2.1.12
60 error notsup Valid OS:    !win32
60 error notsup Valid Arch:  any
60 error notsup Actual OS:   win32
60 error notsup Actual Arch: ia32
61 verbose exit [ 1, true ]
